<?xml version="1.0" encoding="UTF-8"?>
<!-- Generated by org.testng.reporters.JUnitXMLReporter -->
<testsuite ignored="2" hostname="Kents-MacBook-Pro.local" failures="1" tests="1" name="Surefire test" time="0.021" errors="0" timestamp="2021-05-21T16:39:55 WIB">
  <testcase classname="mavenforjenkins.UITest" name="startBrowser" time="0.0">
    <failure type="org.testng.TestNGException" message="
Cannot inject @Test annotated Method [startBrowser] with [class java.lang.String].
For more information on native dependency injection please refer to https://testng.org/doc/documentation-main.html#native-dependency-injection">
      <![CDATA[org.testng.TestNGException: 
Cannot inject @Test annotated Method [startBrowser] with [class java.lang.String].
For more information on native dependency injection please refer to https://testng.org/doc/documentation-main.html#native-dependency-injection
at java.base/java.util.ArrayList.forEach(ArrayList.java:1511)
... Removed 31 stack frames]]>
    </failure>
  </testcase> <!-- startBrowser -->
  <testcase classname="mavenforjenkins.UITest" name="startBrowser" time="0.0">
    <ignored/>
  </testcase> <!-- startBrowser -->
  <testcase classname="mavenforjenkins.UITest" name="startBrowser2" time="0.0">
    <ignored/>
  </testcase> <!-- startBrowser2 -->
</testsuite> <!-- Surefire test -->
